[2016-12-19 11:39:48.800] [INFO] pomelo - [32m[/home/csnodejs4/Documents/sushil/experiments/HelloWorld/game-server/node_modules/pomelo/lib/application.js] [39mapplication inited: "connector-server-1"
[2016-12-19 11:39:50.056] [INFO] pomelo - [32m[/home/csnodejs4/Documents/sushil/experiments/HelloWorld/game-server/node_modules/pomelo/lib/application.js] [39m"connector-server-1" enter after start...
[2016-12-19 11:39:50.061] [INFO] pomelo - [32m[/home/csnodejs4/Documents/sushil/experiments/HelloWorld/game-server/node_modules/pomelo/lib/application.js] [39m"connector-server-1" finish start
[2016-12-19 11:39:50.061] [INFO] pomelo - [32m[/home/csnodejs4/Documents/sushil/experiments/HelloWorld/game-server/node_modules/pomelo/lib/application.js] [39m"connector-server-1" startup in 1177 ms
[2016-12-19 11:41:12.310] [DEBUG] pomelo - [36m[/home/csnodejs4/Documents/sushil/experiments/HelloWorld/game-server/node_modules/pomelo/lib/components/connector.js] [39m[connector-server-1] getSession session is created with session id: 1
[2016-12-19 11:41:12.322] [DEBUG] pomelo - [36m[/home/csnodejs4/Documents/sushil/experiments/HelloWorld/game-server/node_modules/pomelo/lib/components/connector.js] [39m[connector-server-1] handleMessage session id: 1, msg: {"id":2,"route":"connector.entryHandler.entry","body":"hello pomelo"}
[2016-12-19 11:41:12.332] [DEBUG] pomelo - [36m[/home/csnodejs4/Documents/sushil/experiments/HelloWorld/game-server/node_modules/pomelo/lib/components/connector.js] [39m[connector-server-1] send message reqId: 2, route: connector.entryHandler.entry, msg: {"code":200,"msg":"game server is ok."}, receivers: [1], opts: {"type":"response","userOptions":{},"isResponse":true}
[2016-12-19 11:41:29.947] [DEBUG] pomelo - [36m[/home/csnodejs4/Documents/sushil/experiments/HelloWorld/game-server/node_modules/pomelo/lib/common/service/sessionService.js] [39msession on [connector-server-1] is closed with session id: 1
[2016-12-19 11:41:42.839] [DEBUG] pomelo - [36m[/home/csnodejs4/Documents/sushil/experiments/HelloWorld/game-server/node_modules/pomelo/lib/components/connector.js] [39m[connector-server-1] getSession session is created with session id: 2
[2016-12-19 11:41:42.849] [DEBUG] pomelo - [36m[/home/csnodejs4/Documents/sushil/experiments/HelloWorld/game-server/node_modules/pomelo/lib/components/connector.js] [39m[connector-server-1] handleMessage session id: 2, msg: {"id":2,"route":"connector.entryHandler.entry","body":"hello pomelo"}
[2016-12-19 11:41:42.850] [DEBUG] pomelo - [36m[/home/csnodejs4/Documents/sushil/experiments/HelloWorld/game-server/node_modules/pomelo/lib/components/connector.js] [39m[connector-server-1] send message reqId: 2, route: connector.entryHandler.entry, msg: {"code":200,"msg":"game server is ok."}, receivers: [2], opts: {"type":"response","userOptions":{},"isResponse":true}
[2016-12-19 11:52:26.691] [DEBUG] pomelo - [36m[/home/csnodejs4/Documents/sushil/experiments/HelloWorld/game-server/node_modules/pomelo/lib/common/service/sessionService.js] [39msession on [connector-server-1] is closed with session id: 2
[2016-12-19 11:52:42.162] [DEBUG] pomelo - [36m[/home/csnodejs4/Documents/sushil/experiments/HelloWorld/game-server/node_modules/pomelo/lib/components/connector.js] [39m[connector-server-1] getSession session is created with session id: 3
[2016-12-19 11:52:42.172] [DEBUG] pomelo - [36m[/home/csnodejs4/Documents/sushil/experiments/HelloWorld/game-server/node_modules/pomelo/lib/components/connector.js] [39m[connector-server-1] handleMessage session id: 3, msg: {"id":2,"route":"connector.entryHandler.entry","body":"hello pomelo"}
[2016-12-19 11:52:42.172] [DEBUG] pomelo - [36m[/home/csnodejs4/Documents/sushil/experiments/HelloWorld/game-server/node_modules/pomelo/lib/components/connector.js] [39m[connector-server-1] send message reqId: 2, route: connector.entryHandler.entry, msg: {"code":200,"msg":"game server is ok."}, receivers: [3], opts: {"type":"response","userOptions":{},"isResponse":true}
[2016-12-19 11:56:58.133] [DEBUG] pomelo - [36m[/home/csnodejs4/Documents/sushil/experiments/HelloWorld/game-server/node_modules/pomelo/lib/common/service/sessionService.js] [39msession on [connector-server-1] is closed with session id: 3
[2016-12-19 11:57:22.973] [DEBUG] pomelo - [36m[/home/csnodejs4/Documents/sushil/experiments/HelloWorld/game-server/node_modules/pomelo/lib/components/connector.js] [39m[connector-server-1] getSession session is created with session id: 4
[2016-12-19 11:57:22.990] [DEBUG] pomelo - [36m[/home/csnodejs4/Documents/sushil/experiments/HelloWorld/game-server/node_modules/pomelo/lib/components/connector.js] [39m[connector-server-1] handleMessage session id: 4, msg: {"id":2,"route":"connector.entryHandler.entry","body":"hello pomelo"}
[2016-12-19 11:57:22.990] [DEBUG] pomelo - [36m[/home/csnodejs4/Documents/sushil/experiments/HelloWorld/game-server/node_modules/pomelo/lib/components/connector.js] [39m[connector-server-1] send message reqId: 2, route: connector.entryHandler.entry, msg: {"code":200,"msg":"game server is ok."}, receivers: [4], opts: {"type":"response","userOptions":{},"isResponse":true}
[2016-12-19 12:12:35.506] [DEBUG] pomelo - [36m[/home/csnodejs4/Documents/sushil/experiments/HelloWorld/game-server/node_modules/pomelo/lib/common/service/sessionService.js] [39msession on [connector-server-1] is closed with session id: 4
[2016-12-19 12:13:05.471] [DEBUG] pomelo - [36m[/home/csnodejs4/Documents/sushil/experiments/HelloWorld/game-server/node_modules/pomelo/lib/components/connector.js] [39m[connector-server-1] getSession session is created with session id: 5
[2016-12-19 12:13:05.484] [DEBUG] pomelo - [36m[/home/csnodejs4/Documents/sushil/experiments/HelloWorld/game-server/node_modules/pomelo/lib/components/connector.js] [39m[connector-server-1] handleMessage session id: 5, msg: {"id":2,"route":"connector.entryHandler.entry","body":"hello pomelo"}
[2016-12-19 12:13:05.485] [DEBUG] pomelo - [36m[/home/csnodejs4/Documents/sushil/experiments/HelloWorld/game-server/node_modules/pomelo/lib/components/connector.js] [39m[connector-server-1] send message reqId: 2, route: connector.entryHandler.entry, msg: {"code":200,"msg":"game server is ok."}, receivers: [5], opts: {"type":"response","userOptions":{},"isResponse":true}
[2016-12-19 12:20:45.483] [INFO] pomelo - [32m[/home/csnodejs4/Documents/sushil/experiments/HelloWorld/game-server/node_modules/pomelo/lib/application.js] [39mapplication inited: "connector-server-1"
[2016-12-19 12:20:45.817] [INFO] pomelo - [32m[/home/csnodejs4/Documents/sushil/experiments/HelloWorld/game-server/node_modules/pomelo/lib/application.js] [39m"connector-server-1" enter after start...
[2016-12-19 12:20:45.822] [INFO] pomelo - [32m[/home/csnodejs4/Documents/sushil/experiments/HelloWorld/game-server/node_modules/pomelo/lib/application.js] [39m"connector-server-1" finish start
[2016-12-19 12:20:45.822] [INFO] pomelo - [32m[/home/csnodejs4/Documents/sushil/experiments/HelloWorld/game-server/node_modules/pomelo/lib/application.js] [39m"connector-server-1" startup in 255 ms
[2016-12-19 15:03:56.354] [INFO] pomelo - [32m[/home/csnodejs4/Documents/sushil/experiments/HelloWorld/game-server/node_modules/pomelo/lib/application.js] [39mapplication inited: "connector-server-1"
[2016-12-19 15:03:56.663] [INFO] pomelo - [32m[/home/csnodejs4/Documents/sushil/experiments/HelloWorld/game-server/node_modules/pomelo/lib/application.js] [39m"connector-server-1" enter after start...
[2016-12-19 15:03:56.667] [INFO] pomelo - [32m[/home/csnodejs4/Documents/sushil/experiments/HelloWorld/game-server/node_modules/pomelo/lib/application.js] [39m"connector-server-1" finish start
[2016-12-19 15:03:56.667] [INFO] pomelo - [32m[/home/csnodejs4/Documents/sushil/experiments/HelloWorld/game-server/node_modules/pomelo/lib/application.js] [39m"connector-server-1" startup in 228 ms
[2016-12-19 15:05:15.253] [DEBUG] pomelo - [36m[/home/csnodejs4/Documents/sushil/experiments/HelloWorld/game-server/node_modules/pomelo/lib/components/connector.js] [39m[connector-server-1] getSession session is created with session id: 1
[2016-12-19 15:05:15.260] [DEBUG] pomelo - [36m[/home/csnodejs4/Documents/sushil/experiments/HelloWorld/game-server/node_modules/pomelo/lib/components/connector.js] [39m[connector-server-1] handleMessage session id: 1, msg: {"id":2,"route":"connector.entryHandler.entry","body":"hello pomelo"}
[2016-12-19 15:05:15.266] [DEBUG] pomelo - [36m[/home/csnodejs4/Documents/sushil/experiments/HelloWorld/game-server/node_modules/pomelo/lib/components/connector.js] [39m[connector-server-1] send message reqId: 2, route: connector.entryHandler.entry, msg: {"code":200,"msg":"game server is ok."}, receivers: [1], opts: {"type":"response","userOptions":{},"isResponse":true}
[2016-12-20 10:25:29.658] [INFO] pomelo - [32m[/home/csnodejs4/Documents/sushil/experiments/HelloWorld/game-server/node_modules/pomelo/lib/application.js] [39mapplication inited: "connector-server-1"
[2016-12-20 10:25:31.461] [INFO] pomelo - [32m[/home/csnodejs4/Documents/sushil/experiments/HelloWorld/game-server/node_modules/pomelo/lib/application.js] [39m"connector-server-1" enter after start...
[2016-12-20 10:25:31.465] [INFO] pomelo - [32m[/home/csnodejs4/Documents/sushil/experiments/HelloWorld/game-server/node_modules/pomelo/lib/application.js] [39m"connector-server-1" finish start
[2016-12-20 10:25:31.466] [INFO] pomelo - [32m[/home/csnodejs4/Documents/sushil/experiments/HelloWorld/game-server/node_modules/pomelo/lib/application.js] [39m"connector-server-1" startup in 1654 ms
[2016-12-20 10:25:57.189] [DEBUG] pomelo - [36m[/home/csnodejs4/Documents/sushil/experiments/HelloWorld/game-server/node_modules/pomelo/lib/components/connector.js] [39m[connector-server-1] getSession session is created with session id: 1
[2016-12-20 10:25:57.215] [DEBUG] pomelo - [36m[/home/csnodejs4/Documents/sushil/experiments/HelloWorld/game-server/node_modules/pomelo/lib/components/connector.js] [39m[connector-server-1] handleMessage session id: 1, msg: {"id":2,"route":"connector.entryHandler.entry","body":"hello pomelo"}
[2016-12-20 10:25:57.322] [DEBUG] pomelo - [36m[/home/csnodejs4/Documents/sushil/experiments/HelloWorld/game-server/node_modules/pomelo/lib/components/connector.js] [39m[connector-server-1] send message reqId: 2, route: connector.entryHandler.entry, msg: {"code":200,"msg":"game server is ok."}, receivers: [1], opts: {"type":"response","userOptions":{},"isResponse":true}
[2016-12-20 10:26:05.068] [DEBUG] pomelo - [36m[/home/csnodejs4/Documents/sushil/experiments/HelloWorld/game-server/node_modules/pomelo/lib/components/connector.js] [39m[connector-server-1] getSession session is created with session id: 2
[2016-12-20 10:26:05.104] [DEBUG] pomelo - [36m[/home/csnodejs4/Documents/sushil/experiments/HelloWorld/game-server/node_modules/pomelo/lib/components/connector.js] [39m[connector-server-1] handleMessage session id: 2, msg: {"id":3,"route":"connector.entryHandler.entry","body":"hello pomelo"}
[2016-12-20 10:26:05.104] [DEBUG] pomelo - [36m[/home/csnodejs4/Documents/sushil/experiments/HelloWorld/game-server/node_modules/pomelo/lib/components/connector.js] [39m[connector-server-1] send message reqId: 3, route: connector.entryHandler.entry, msg: {"code":200,"msg":"game server is ok."}, receivers: [2], opts: {"type":"response","userOptions":{},"isResponse":true}
[2016-12-20 10:26:34.969] [DEBUG] pomelo - [36m[/home/csnodejs4/Documents/sushil/experiments/HelloWorld/game-server/node_modules/pomelo/lib/common/service/sessionService.js] [39msession on [connector-server-1] is closed with session id: 2
[2016-12-20 10:26:34.975] [DEBUG] pomelo - [36m[/home/csnodejs4/Documents/sushil/experiments/HelloWorld/game-server/node_modules/pomelo/lib/common/service/sessionService.js] [39msession on [connector-server-1] is closed with session id: 1
[2016-12-20 10:27:17.160] [INFO] pomelo - [32m[/home/csnodejs4/Documents/sushil/experiments/HelloWorld/game-server/node_modules/pomelo/lib/application.js] [39mapplication inited: "connector-server-1"
[2016-12-20 10:27:17.465] [INFO] pomelo - [32m[/home/csnodejs4/Documents/sushil/experiments/HelloWorld/game-server/node_modules/pomelo/lib/application.js] [39m"connector-server-1" enter after start...
[2016-12-20 10:27:17.469] [INFO] pomelo - [32m[/home/csnodejs4/Documents/sushil/experiments/HelloWorld/game-server/node_modules/pomelo/lib/application.js] [39m"connector-server-1" finish start
[2016-12-20 10:27:17.469] [INFO] pomelo - [32m[/home/csnodejs4/Documents/sushil/experiments/HelloWorld/game-server/node_modules/pomelo/lib/application.js] [39m"connector-server-1" startup in 225 ms
[2016-12-20 10:27:25.304] [DEBUG] pomelo - [36m[/home/csnodejs4/Documents/sushil/experiments/HelloWorld/game-server/node_modules/pomelo/lib/components/connector.js] [39m[connector-server-1] getSession session is created with session id: 1
[2016-12-20 10:27:25.334] [DEBUG] pomelo - [36m[/home/csnodejs4/Documents/sushil/experiments/HelloWorld/game-server/node_modules/pomelo/lib/components/connector.js] [39m[connector-server-1] handleMessage session id: 1, msg: {"id":2,"route":"connector.entryHandler.entry","body":"hello pomelo"}
[2016-12-20 10:27:25.339] [DEBUG] pomelo - [36m[/home/csnodejs4/Documents/sushil/experiments/HelloWorld/game-server/node_modules/pomelo/lib/components/connector.js] [39m[connector-server-1] send message reqId: 2, route: connector.entryHandler.entry, msg: {"code":200,"msg":"game server isssssssssss ok."}, receivers: [1], opts: {"type":"response","userOptions":{},"isResponse":true}
[2016-12-20 10:27:28.319] [DEBUG] pomelo - [36m[/home/csnodejs4/Documents/sushil/experiments/HelloWorld/game-server/node_modules/pomelo/lib/common/service/sessionService.js] [39msession on [connector-server-1] is closed with session id: 1
[2016-12-20 10:27:29.960] [DEBUG] pomelo - [36m[/home/csnodejs4/Documents/sushil/experiments/HelloWorld/game-server/node_modules/pomelo/lib/components/connector.js] [39m[connector-server-1] getSession session is created with session id: 2
[2016-12-20 10:27:30.003] [DEBUG] pomelo - [36m[/home/csnodejs4/Documents/sushil/experiments/HelloWorld/game-server/node_modules/pomelo/lib/components/connector.js] [39m[connector-server-1] handleMessage session id: 2, msg: {"id":2,"route":"connector.entryHandler.entry","body":"hello pomelo"}
[2016-12-20 10:27:30.004] [DEBUG] pomelo - [36m[/home/csnodejs4/Documents/sushil/experiments/HelloWorld/game-server/node_modules/pomelo/lib/components/connector.js] [39m[connector-server-1] send message reqId: 2, route: connector.entryHandler.entry, msg: {"code":200,"msg":"game server isssssssssss ok."}, receivers: [2], opts: {"type":"response","userOptions":{},"isResponse":true}
[2016-12-20 10:29:51.080] [INFO] pomelo - [32m[/home/csnodejs4/Documents/sushil/experiments/HelloWorld/game-server/node_modules/pomelo/lib/application.js] [39mapplication inited: "connector-server-1"
[2016-12-20 10:29:51.411] [INFO] pomelo - [32m[/home/csnodejs4/Documents/sushil/experiments/HelloWorld/game-server/node_modules/pomelo/lib/application.js] [39m"connector-server-1" enter after start...
[2016-12-20 10:29:51.415] [INFO] pomelo - [32m[/home/csnodejs4/Documents/sushil/experiments/HelloWorld/game-server/node_modules/pomelo/lib/application.js] [39m"connector-server-1" finish start
[2016-12-20 10:29:51.415] [INFO] pomelo - [32m[/home/csnodejs4/Documents/sushil/experiments/HelloWorld/game-server/node_modules/pomelo/lib/application.js] [39m"connector-server-1" startup in 224 ms
[2016-12-20 10:29:57.731] [DEBUG] pomelo - [36m[/home/csnodejs4/Documents/sushil/experiments/HelloWorld/game-server/node_modules/pomelo/lib/components/connector.js] [39m[connector-server-1] getSession session is created with session id: 1
[2016-12-20 10:29:57.756] [DEBUG] pomelo - [36m[/home/csnodejs4/Documents/sushil/experiments/HelloWorld/game-server/node_modules/pomelo/lib/components/connector.js] [39m[connector-server-1] handleMessage session id: 1, msg: {"id":3,"route":"connector.entryHandler.entry","body":"hello pomelo"}
[2016-12-20 10:29:57.761] [DEBUG] pomelo - [36m[/home/csnodejs4/Documents/sushil/experiments/HelloWorld/game-server/node_modules/pomelo/lib/components/connector.js] [39m[connector-server-1] send message reqId: 3, route: connector.entryHandler.entry, msg: {"code":200,"msg":"game server isssssssssss ok."}, receivers: [1], opts: {"type":"response","userOptions":{},"isResponse":true}
[2016-12-20 10:30:04.278] [DEBUG] pomelo - [36m[/home/csnodejs4/Documents/sushil/experiments/HelloWorld/game-server/node_modules/pomelo/lib/common/service/sessionService.js] [39msession on [connector-server-1] is closed with session id: 1
[2016-12-20 10:30:06.193] [DEBUG] pomelo - [36m[/home/csnodejs4/Documents/sushil/experiments/HelloWorld/game-server/node_modules/pomelo/lib/components/connector.js] [39m[connector-server-1] getSession session is created with session id: 2
[2016-12-20 10:30:06.233] [DEBUG] pomelo - [36m[/home/csnodejs4/Documents/sushil/experiments/HelloWorld/game-server/node_modules/pomelo/lib/components/connector.js] [39m[connector-server-1] handleMessage session id: 2, msg: {"id":2,"route":"connector.entryHandler.publish","body":"hello pomelo"}
[2016-12-20 10:30:06.234] [DEBUG] pomelo - [36m[/home/csnodejs4/Documents/sushil/experiments/HelloWorld/game-server/node_modules/pomelo/lib/components/connector.js] [39m[connector-server-1] send message reqId: 2, route: connector.entryHandler.publish, msg: {"topic":"publish","payload":"{\"code\":200,\"msg\":\"publish message isssss ok.\"}"}, receivers: [2], opts: {"type":"response","userOptions":{},"isResponse":true}
[2016-12-20 10:31:50.899] [DEBUG] pomelo - [36m[/home/csnodejs4/Documents/sushil/experiments/HelloWorld/game-server/node_modules/pomelo/lib/common/service/sessionService.js] [39msession on [connector-server-1] is closed with session id: 2
[2016-12-20 10:31:52.823] [DEBUG] pomelo - [36m[/home/csnodejs4/Documents/sushil/experiments/HelloWorld/game-server/node_modules/pomelo/lib/components/connector.js] [39m[connector-server-1] getSession session is created with session id: 3
[2016-12-20 10:31:52.860] [DEBUG] pomelo - [36m[/home/csnodejs4/Documents/sushil/experiments/HelloWorld/game-server/node_modules/pomelo/lib/components/connector.js] [39m[connector-server-1] handleMessage session id: 3, msg: {"id":2,"route":"connector.entryHandler.publish","body":"hello pomelo"}
[2016-12-20 10:31:52.860] [DEBUG] pomelo - [36m[/home/csnodejs4/Documents/sushil/experiments/HelloWorld/game-server/node_modules/pomelo/lib/components/connector.js] [39m[connector-server-1] send message reqId: 2, route: connector.entryHandler.publish, msg: {"topic":"publish","payload":"{\"code\":200,\"msg\":\"publish message isssss ok.\"}"}, receivers: [3], opts: {"type":"response","userOptions":{},"isResponse":true}
[2016-12-20 10:32:16.313] [DEBUG] pomelo - [36m[/home/csnodejs4/Documents/sushil/experiments/HelloWorld/game-server/node_modules/pomelo/lib/common/service/sessionService.js] [39msession on [connector-server-1] is closed with session id: 3
[2016-12-20 10:32:20.153] [DEBUG] pomelo - [36m[/home/csnodejs4/Documents/sushil/experiments/HelloWorld/game-server/node_modules/pomelo/lib/components/connector.js] [39m[connector-server-1] getSession session is created with session id: 4
[2016-12-20 10:32:20.205] [DEBUG] pomelo - [36m[/home/csnodejs4/Documents/sushil/experiments/HelloWorld/game-server/node_modules/pomelo/lib/components/connector.js] [39m[connector-server-1] handleMessage session id: 4, msg: {"id":2,"route":"connector.entryHandler.publish","body":"hello pomelo"}
[2016-12-20 10:32:20.206] [DEBUG] pomelo - [36m[/home/csnodejs4/Documents/sushil/experiments/HelloWorld/game-server/node_modules/pomelo/lib/components/connector.js] [39m[connector-server-1] send message reqId: 2, route: connector.entryHandler.publish, msg: {"topic":"publish","payload":"{\"code\":200,\"msg\":\"publish message isssss ok.\"}"}, receivers: [4], opts: {"type":"response","userOptions":{},"isResponse":true}
[2016-12-20 10:32:46.488] [DEBUG] pomelo - [36m[/home/csnodejs4/Documents/sushil/experiments/HelloWorld/game-server/node_modules/pomelo/lib/common/service/sessionService.js] [39msession on [connector-server-1] is closed with session id: 4
[2016-12-20 10:32:48.762] [DEBUG] pomelo - [36m[/home/csnodejs4/Documents/sushil/experiments/HelloWorld/game-server/node_modules/pomelo/lib/components/connector.js] [39m[connector-server-1] getSession session is created with session id: 5
[2016-12-20 10:32:48.777] [DEBUG] pomelo - [36m[/home/csnodejs4/Documents/sushil/experiments/HelloWorld/game-server/node_modules/pomelo/lib/components/connector.js] [39m[connector-server-1] handleMessage session id: 5, msg: {"id":2,"route":"connector.entryHandler.publish","body":"hello pomelo"}
[2016-12-20 10:32:48.777] [DEBUG] pomelo - [36m[/home/csnodejs4/Documents/sushil/experiments/HelloWorld/game-server/node_modules/pomelo/lib/components/connector.js] [39m[connector-server-1] send message reqId: 2, route: connector.entryHandler.publish, msg: {"topic":"publish","payload":"{\"code\":200,\"msg\":\"publish message isssss ok.\"}"}, receivers: [5], opts: {"type":"response","userOptions":{},"isResponse":true}
[2016-12-20 10:33:14.221] [DEBUG] pomelo - [36m[/home/csnodejs4/Documents/sushil/experiments/HelloWorld/game-server/node_modules/pomelo/lib/common/service/sessionService.js] [39msession on [connector-server-1] is closed with session id: 5
[2016-12-20 10:33:15.974] [DEBUG] pomelo - [36m[/home/csnodejs4/Documents/sushil/experiments/HelloWorld/game-server/node_modules/pomelo/lib/components/connector.js] [39m[connector-server-1] getSession session is created with session id: 6
[2016-12-20 10:33:16.024] [DEBUG] pomelo - [36m[/home/csnodejs4/Documents/sushil/experiments/HelloWorld/game-server/node_modules/pomelo/lib/components/connector.js] [39m[connector-server-1] handleMessage session id: 6, msg: {"id":2,"route":"connector.entryHandler.publish","body":"hello pomelo"}
[2016-12-20 10:33:16.026] [DEBUG] pomelo - [36m[/home/csnodejs4/Documents/sushil/experiments/HelloWorld/game-server/node_modules/pomelo/lib/components/connector.js] [39m[connector-server-1] send message reqId: 2, route: connector.entryHandler.publish, msg: {"topic":"publish","payload":"{\"code\":200,\"msg\":\"publish message isssss ok.\"}"}, receivers: [6], opts: {"type":"response","userOptions":{},"isResponse":true}
[2016-12-20 10:34:12.803] [INFO] pomelo - [32m[/home/csnodejs4/Documents/sushil/experiments/HelloWorld/game-server/node_modules/pomelo/lib/application.js] [39mapplication inited: "connector-server-1"
[2016-12-20 10:34:13.105] [INFO] pomelo - [32m[/home/csnodejs4/Documents/sushil/experiments/HelloWorld/game-server/node_modules/pomelo/lib/application.js] [39m"connector-server-1" enter after start...
[2016-12-20 10:34:13.110] [INFO] pomelo - [32m[/home/csnodejs4/Documents/sushil/experiments/HelloWorld/game-server/node_modules/pomelo/lib/application.js] [39m"connector-server-1" finish start
[2016-12-20 10:34:13.110] [INFO] pomelo - [32m[/home/csnodejs4/Documents/sushil/experiments/HelloWorld/game-server/node_modules/pomelo/lib/application.js] [39m"connector-server-1" startup in 223 ms
[2016-12-20 10:34:20.340] [DEBUG] pomelo - [36m[/home/csnodejs4/Documents/sushil/experiments/HelloWorld/game-server/node_modules/pomelo/lib/components/connector.js] [39m[connector-server-1] getSession session is created with session id: 1
[2016-12-20 10:34:20.379] [DEBUG] pomelo - [36m[/home/csnodejs4/Documents/sushil/experiments/HelloWorld/game-server/node_modules/pomelo/lib/components/connector.js] [39m[connector-server-1] handleMessage session id: 1, msg: {"id":2,"route":"connector.entryHandler.publish","body":"hello pomelo"}
[2016-12-20 10:34:20.388] [DEBUG] pomelo - [36m[/home/csnodejs4/Documents/sushil/experiments/HelloWorld/game-server/node_modules/pomelo/lib/components/connector.js] [39m[connector-server-1] send message reqId: 2, route: connector.entryHandler.publish, msg: {"topic":"publish","payload":{"code":200,"msg":"publish message isssss ok."}}, receivers: [1], opts: {"type":"response","userOptions":{},"isResponse":true}
[2016-12-20 10:34:42.983] [DEBUG] pomelo - [36m[/home/csnodejs4/Documents/sushil/experiments/HelloWorld/game-server/node_modules/pomelo/lib/common/service/sessionService.js] [39msession on [connector-server-1] is closed with session id: 1
[2016-12-20 10:34:44.883] [DEBUG] pomelo - [36m[/home/csnodejs4/Documents/sushil/experiments/HelloWorld/game-server/node_modules/pomelo/lib/components/connector.js] [39m[connector-server-1] getSession session is created with session id: 2
[2016-12-20 10:34:44.929] [DEBUG] pomelo - [36m[/home/csnodejs4/Documents/sushil/experiments/HelloWorld/game-server/node_modules/pomelo/lib/components/connector.js] [39m[connector-server-1] handleMessage session id: 2, msg: {"id":2,"route":"connector.entryHandler.publish","body":"hello pomelo"}
[2016-12-20 10:34:44.930] [DEBUG] pomelo - [36m[/home/csnodejs4/Documents/sushil/experiments/HelloWorld/game-server/node_modules/pomelo/lib/components/connector.js] [39m[connector-server-1] send message reqId: 2, route: connector.entryHandler.publish, msg: {"topic":"publish","payload":{"code":200,"msg":"publish message isssss ok."}}, receivers: [2], opts: {"type":"response","userOptions":{},"isResponse":true}
[2016-12-20 10:35:03.344] [DEBUG] pomelo - [36m[/home/csnodejs4/Documents/sushil/experiments/HelloWorld/game-server/node_modules/pomelo/lib/common/service/sessionService.js] [39msession on [connector-server-1] is closed with session id: 2
[2016-12-20 10:35:06.088] [DEBUG] pomelo - [36m[/home/csnodejs4/Documents/sushil/experiments/HelloWorld/game-server/node_modules/pomelo/lib/components/connector.js] [39m[connector-server-1] getSession session is created with session id: 3
[2016-12-20 10:35:06.130] [DEBUG] pomelo - [36m[/home/csnodejs4/Documents/sushil/experiments/HelloWorld/game-server/node_modules/pomelo/lib/components/connector.js] [39m[connector-server-1] handleMessage session id: 3, msg: {"id":2,"route":"connector.entryHandler.publish","body":"hello pomelo"}
[2016-12-20 10:35:06.131] [DEBUG] pomelo - [36m[/home/csnodejs4/Documents/sushil/experiments/HelloWorld/game-server/node_modules/pomelo/lib/components/connector.js] [39m[connector-server-1] send message reqId: 2, route: connector.entryHandler.publish, msg: {"topic":"publish","payload":{"code":200,"msg":"publish message isssss ok."}}, receivers: [3], opts: {"type":"response","userOptions":{},"isResponse":true}
[2016-12-20 10:39:15.213] [DEBUG] pomelo - [36m[/home/csnodejs4/Documents/sushil/experiments/HelloWorld/game-server/node_modules/pomelo/lib/common/service/sessionService.js] [39msession on [connector-server-1] is closed with session id: 3
[2016-12-20 11:01:29.704] [INFO] pomelo - [32m[/home/csnodejs4/Documents/sushil/experiments/HelloWorld/game-server/node_modules/pomelo/lib/application.js] [39mapplication inited: "connector-server-1"
[2016-12-20 11:01:30.006] [INFO] pomelo - [32m[/home/csnodejs4/Documents/sushil/experiments/HelloWorld/game-server/node_modules/pomelo/lib/application.js] [39m"connector-server-1" enter after start...
[2016-12-20 11:01:30.010] [INFO] pomelo - [32m[/home/csnodejs4/Documents/sushil/experiments/HelloWorld/game-server/node_modules/pomelo/lib/application.js] [39m"connector-server-1" finish start
[2016-12-20 11:01:30.011] [INFO] pomelo - [32m[/home/csnodejs4/Documents/sushil/experiments/HelloWorld/game-server/node_modules/pomelo/lib/application.js] [39m"connector-server-1" startup in 223 ms
[2016-12-20 11:02:21.904] [INFO] pomelo - [32m[/home/csnodejs4/Documents/sushil/experiments/HelloWorld/game-server/node_modules/pomelo/lib/application.js] [39mapplication inited: "connector-server-1"
[2016-12-20 11:02:22.224] [INFO] pomelo - [32m[/home/csnodejs4/Documents/sushil/experiments/HelloWorld/game-server/node_modules/pomelo/lib/application.js] [39m"connector-server-1" enter after start...
[2016-12-20 11:02:22.229] [INFO] pomelo - [32m[/home/csnodejs4/Documents/sushil/experiments/HelloWorld/game-server/node_modules/pomelo/lib/application.js] [39m"connector-server-1" finish start
[2016-12-20 11:02:22.229] [INFO] pomelo - [32m[/home/csnodejs4/Documents/sushil/experiments/HelloWorld/game-server/node_modules/pomelo/lib/application.js] [39m"connector-server-1" startup in 233 ms
[2016-12-20 11:03:17.393] [DEBUG] pomelo - [36m[/home/csnodejs4/Documents/sushil/experiments/HelloWorld/game-server/node_modules/pomelo/lib/components/connector.js] [39m[connector-server-1] getSession session is created with session id: 1
[2016-12-20 11:03:17.433] [DEBUG] pomelo - [36m[/home/csnodejs4/Documents/sushil/experiments/HelloWorld/game-server/node_modules/pomelo/lib/components/connector.js] [39m[connector-server-1] handleMessage session id: 1, msg: {"id":2,"route":"connector.entryHandler.entry","body":"hello pomelo"}
[2016-12-20 11:03:17.440] [DEBUG] pomelo - [36m[/home/csnodejs4/Documents/sushil/experiments/HelloWorld/game-server/node_modules/pomelo/lib/components/connector.js] [39m[connector-server-1] send message reqId: 2, route: connector.entryHandler.entry, msg: {"code":200,"msg":"game server isssssssssss ok."}, receivers: [1], opts: {"type":"response","userOptions":{},"isResponse":true}
[2016-12-20 11:08:32.954] [INFO] pomelo - [32m[/home/csnodejs4/Documents/sushil/experiments/HelloWorld/game-server/node_modules/pomelo/lib/application.js] [39mapplication inited: "connector-server-1"
[2016-12-20 11:08:33.284] [INFO] pomelo - [32m[/home/csnodejs4/Documents/sushil/experiments/HelloWorld/game-server/node_modules/pomelo/lib/application.js] [39m"connector-server-1" enter after start...
[2016-12-20 11:08:33.289] [INFO] pomelo - [32m[/home/csnodejs4/Documents/sushil/experiments/HelloWorld/game-server/node_modules/pomelo/lib/application.js] [39m"connector-server-1" finish start
[2016-12-20 11:08:33.289] [INFO] pomelo - [32m[/home/csnodejs4/Documents/sushil/experiments/HelloWorld/game-server/node_modules/pomelo/lib/application.js] [39m"connector-server-1" startup in 250 ms
[2016-12-20 11:08:42.758] [DEBUG] pomelo - [36m[/home/csnodejs4/Documents/sushil/experiments/HelloWorld/game-server/node_modules/pomelo/lib/components/connector.js] [39m[connector-server-1] getSession session is created with session id: 1
[2016-12-20 11:08:42.802] [DEBUG] pomelo - [36m[/home/csnodejs4/Documents/sushil/experiments/HelloWorld/game-server/node_modules/pomelo/lib/components/connector.js] [39m[connector-server-1] handleMessage session id: 1, msg: {"id":3,"route":"connector.entryHandler.entry","body":"hello pomelo"}
[2016-12-20 11:08:42.808] [DEBUG] pomelo - [36m[/home/csnodejs4/Documents/sushil/experiments/HelloWorld/game-server/node_modules/pomelo/lib/components/connector.js] [39m[connector-server-1] send message reqId: 3, route: connector.entryHandler.entry, msg: {"code":200,"msg":"hello pomelogame server isssssssssss ok."}, receivers: [1], opts: {"type":"response","userOptions":{},"isResponse":true}
[2016-12-20 11:08:57.554] [DEBUG] pomelo - [36m[/home/csnodejs4/Documents/sushil/experiments/HelloWorld/game-server/node_modules/pomelo/lib/common/service/sessionService.js] [39msession on [connector-server-1] is closed with session id: 1
[2016-12-20 11:08:59.071] [DEBUG] pomelo - [36m[/home/csnodejs4/Documents/sushil/experiments/HelloWorld/game-server/node_modules/pomelo/lib/components/connector.js] [39m[connector-server-1] getSession session is created with session id: 2
[2016-12-20 11:08:59.117] [DEBUG] pomelo - [36m[/home/csnodejs4/Documents/sushil/experiments/HelloWorld/game-server/node_modules/pomelo/lib/components/connector.js] [39m[connector-server-1] handleMessage session id: 2, msg: {"id":2,"route":"connector.entryHandler.entry","body":"hello pomelo"}
[2016-12-20 11:08:59.117] [DEBUG] pomelo - [36m[/home/csnodejs4/Documents/sushil/experiments/HelloWorld/game-server/node_modules/pomelo/lib/components/connector.js] [39m[connector-server-1] send message reqId: 2, route: connector.entryHandler.entry, msg: {"code":200,"msg":"hello pomelogame server isssssssssss ok."}, receivers: [2], opts: {"type":"response","userOptions":{},"isResponse":true}
[2016-12-20 11:09:30.388] [DEBUG] pomelo - [36m[/home/csnodejs4/Documents/sushil/experiments/HelloWorld/game-server/node_modules/pomelo/lib/components/connector.js] [39m[connector-server-1] getSession session is created with session id: 3
[2016-12-20 11:09:30.442] [DEBUG] pomelo - [36m[/home/csnodejs4/Documents/sushil/experiments/HelloWorld/game-server/node_modules/pomelo/lib/components/connector.js] [39m[connector-server-1] handleMessage session id: 3, msg: {"id":3,"route":"connector.entryHandler.entry","body":"hello pomelo"}
[2016-12-20 11:09:30.443] [DEBUG] pomelo - [36m[/home/csnodejs4/Documents/sushil/experiments/HelloWorld/game-server/node_modules/pomelo/lib/components/connector.js] [39m[connector-server-1] send message reqId: 3, route: connector.entryHandler.entry, msg: {"code":200,"msg":"hello pomelogame server isssssssssss ok."}, receivers: [3], opts: {"type":"response","userOptions":{},"isResponse":true}
[2016-12-20 11:09:33.465] [DEBUG] pomelo - [36m[/home/csnodejs4/Documents/sushil/experiments/HelloWorld/game-server/node_modules/pomelo/lib/components/connector.js] [39m[connector-server-1] getSession session is created with session id: 4
[2016-12-20 11:09:33.518] [DEBUG] pomelo - [36m[/home/csnodejs4/Documents/sushil/experiments/HelloWorld/game-server/node_modules/pomelo/lib/components/connector.js] [39m[connector-server-1] handleMessage session id: 4, msg: {"id":4,"route":"connector.entryHandler.entry","body":"hello pomelo"}
[2016-12-20 11:09:33.519] [DEBUG] pomelo - [36m[/home/csnodejs4/Documents/sushil/experiments/HelloWorld/game-server/node_modules/pomelo/lib/components/connector.js] [39m[connector-server-1] send message reqId: 4, route: connector.entryHandler.entry, msg: {"code":200,"msg":"hello pomelogame server isssssssssss ok."}, receivers: [4], opts: {"type":"response","userOptions":{},"isResponse":true}
[2016-12-20 11:09:35.291] [DEBUG] pomelo - [36m[/home/csnodejs4/Documents/sushil/experiments/HelloWorld/game-server/node_modules/pomelo/lib/components/connector.js] [39m[connector-server-1] getSession session is created with session id: 5
[2016-12-20 11:09:35.355] [DEBUG] pomelo - [36m[/home/csnodejs4/Documents/sushil/experiments/HelloWorld/game-server/node_modules/pomelo/lib/components/connector.js] [39m[connector-server-1] handleMessage session id: 5, msg: {"id":5,"route":"connector.entryHandler.entry","body":"hello pomelo"}
[2016-12-20 11:09:35.356] [DEBUG] pomelo - [36m[/home/csnodejs4/Documents/sushil/experiments/HelloWorld/game-server/node_modules/pomelo/lib/components/connector.js] [39m[connector-server-1] send message reqId: 5, route: connector.entryHandler.entry, msg: {"code":200,"msg":"hello pomelogame server isssssssssss ok."}, receivers: [5], opts: {"type":"response","userOptions":{},"isResponse":true}
[2016-12-20 11:09:48.448] [DEBUG] pomelo - [36m[/home/csnodejs4/Documents/sushil/experiments/HelloWorld/game-server/node_modules/pomelo/lib/common/service/sessionService.js] [39msession on [connector-server-1] is closed with session id: 3
[2016-12-20 11:09:48.449] [DEBUG] pomelo - [36m[/home/csnodejs4/Documents/sushil/experiments/HelloWorld/game-server/node_modules/pomelo/lib/common/service/sessionService.js] [39msession on [connector-server-1] is closed with session id: 2
[2016-12-20 11:09:48.453] [DEBUG] pomelo - [36m[/home/csnodejs4/Documents/sushil/experiments/HelloWorld/game-server/node_modules/pomelo/lib/common/service/sessionService.js] [39msession on [connector-server-1] is closed with session id: 4
[2016-12-20 11:09:48.455] [DEBUG] pomelo - [36m[/home/csnodejs4/Documents/sushil/experiments/HelloWorld/game-server/node_modules/pomelo/lib/common/service/sessionService.js] [39msession on [connector-server-1] is closed with session id: 5
[2016-12-20 11:10:43.764] [INFO] pomelo - [32m[/home/csnodejs4/Documents/sushil/experiments/HelloWorld/game-server/node_modules/pomelo/lib/application.js] [39mapplication inited: "connector-server-1"
[2016-12-20 11:10:44.067] [INFO] pomelo - [32m[/home/csnodejs4/Documents/sushil/experiments/HelloWorld/game-server/node_modules/pomelo/lib/application.js] [39m"connector-server-1" enter after start...
[2016-12-20 11:10:44.071] [INFO] pomelo - [32m[/home/csnodejs4/Documents/sushil/experiments/HelloWorld/game-server/node_modules/pomelo/lib/application.js] [39m"connector-server-1" finish start
[2016-12-20 11:10:44.072] [INFO] pomelo - [32m[/home/csnodejs4/Documents/sushil/experiments/HelloWorld/game-server/node_modules/pomelo/lib/application.js] [39m"connector-server-1" startup in 225 ms
[2016-12-20 11:10:58.759] [DEBUG] pomelo - [36m[/home/csnodejs4/Documents/sushil/experiments/HelloWorld/game-server/node_modules/pomelo/lib/components/connector.js] [39m[connector-server-1] getSession session is created with session id: 1
[2016-12-20 11:10:58.816] [DEBUG] pomelo - [36m[/home/csnodejs4/Documents/sushil/experiments/HelloWorld/game-server/node_modules/pomelo/lib/components/connector.js] [39m[connector-server-1] handleMessage session id: 1, msg: {"id":2,"route":"connector.entryHandler.entry","body":"hello pomelo"}
[2016-12-20 11:10:58.819] [WARN] pomelo - [33m[/home/csnodejs4/Documents/sushil/experiments/HelloWorld/game-server/node_modules/pomelo/lib/common/service/handlerService.js] [39mcould not find handler for routeRecord: {"route":"connector.entryHandler.entry","serverType":"connector","handler":"entryHandler","method":"entry"}
[2016-12-20 11:10:58.820] [ERROR] pomelo - [31m[/home/csnodejs4/Documents/sushil/experiments/HelloWorld/game-server/node_modules/pomelo/lib/common/service/handlerService.js] [39m[handleManager]: fail to find handler for undefined
[2016-12-20 11:10:58.824] [DEBUG] pomelo - [36m[/home/csnodejs4/Documents/sushil/experiments/HelloWorld/game-server/node_modules/pomelo/lib/server/server.js] [39mno default error handler to resolve unknown exception. Error: fail to find handler for undefined
    at Service.handle (/home/csnodejs4/Documents/sushil/experiments/HelloWorld/game-server/node_modules/pomelo/lib/common/service/handlerService.js:33:30)
    at handle (/home/csnodejs4/Documents/sushil/experiments/HelloWorld/game-server/node_modules/pomelo/lib/server/server.js:370:25)
    at next (/home/csnodejs4/Documents/sushil/experiments/HelloWorld/game-server/node_modules/pomelo/lib/common/service/filterService.js:50:7)
    at Service.beforeFilter (/home/csnodejs4/Documents/sushil/experiments/HelloWorld/game-server/node_modules/pomelo/lib/common/service/filterService.js:65:3)
    at beforeFilter (/home/csnodejs4/Documents/sushil/experiments/HelloWorld/game-server/node_modules/pomelo/lib/server/server.js:242:8)
    at doHandle (/home/csnodejs4/Documents/sushil/experiments/HelloWorld/game-server/node_modules/pomelo/lib/server/server.js:383:3)
    at dispatch (/home/csnodejs4/Documents/sushil/experiments/HelloWorld/game-server/node_modules/pomelo/lib/server/server.js:107:7)
    at next (/home/csnodejs4/Documents/sushil/experiments/HelloWorld/game-server/node_modules/pomelo/lib/common/service/filterService.js:50:7)
    at Service.beforeFilter (/home/csnodejs4/Documents/sushil/experiments/HelloWorld/game-server/node_modules/pomelo/lib/common/service/filterService.js:65:3)
    at beforeFilter (/home/csnodejs4/Documents/sushil/experiments/HelloWorld/game-server/node_modules/pomelo/lib/server/server.js:242:8)
[2016-12-20 11:10:58.826] [DEBUG] pomelo - [36m[/home/csnodejs4/Documents/sushil/experiments/HelloWorld/game-server/node_modules/pomelo/lib/components/connector.js] [39m[connector-server-1] send message reqId: 2, route: connector.entryHandler.entry, msg: {"code":500}, receivers: [1], opts: {"type":"response","userOptions":{},"isResponse":true}
[2016-12-20 11:17:27.506] [INFO] pomelo - [32m[/home/csnodejs4/Documents/sushil/experiments/HelloWorld/game-server/node_modules/pomelo/lib/application.js] [39mapplication inited: "connector-server-1"
[2016-12-20 11:17:27.806] [INFO] pomelo - [32m[/home/csnodejs4/Documents/sushil/experiments/HelloWorld/game-server/node_modules/pomelo/lib/application.js] [39m"connector-server-1" enter after start...
[2016-12-20 11:17:27.810] [INFO] pomelo - [32m[/home/csnodejs4/Documents/sushil/experiments/HelloWorld/game-server/node_modules/pomelo/lib/application.js] [39m"connector-server-1" finish start
[2016-12-20 11:17:27.810] [INFO] pomelo - [32m[/home/csnodejs4/Documents/sushil/experiments/HelloWorld/game-server/node_modules/pomelo/lib/application.js] [39m"connector-server-1" startup in 223 ms
[2016-12-20 11:22:10.904] [INFO] pomelo - [32m[/home/csnodejs4/Documents/sushil/experiments/HelloWorld/game-server/node_modules/pomelo/lib/application.js] [39mapplication inited: "connector-server-1"
[2016-12-20 11:22:33.140] [INFO] pomelo - [32m[/home/csnodejs4/Documents/sushil/experiments/HelloWorld/game-server/node_modules/pomelo/lib/application.js] [39m"connector-server-1" enter after start...
[2016-12-20 11:22:33.144] [INFO] pomelo - [32m[/home/csnodejs4/Documents/sushil/experiments/HelloWorld/game-server/node_modules/pomelo/lib/application.js] [39m"connector-server-1" finish start
[2016-12-20 11:22:33.144] [INFO] pomelo - [32m[/home/csnodejs4/Documents/sushil/experiments/HelloWorld/game-server/node_modules/pomelo/lib/application.js] [39m"connector-server-1" startup in 22140 ms
[2016-12-20 11:29:45.779] [INFO] pomelo - [32m[/home/csnodejs4/Documents/sushil/experiments/HelloWorld/game-server/node_modules/pomelo/lib/application.js] [39mapplication inited: "connector-server-1"
[2016-12-20 11:33:30.014] [INFO] pomelo - [32m[/home/csnodejs4/Documents/sushil/experiments/HelloWorld/game-server/node_modules/pomelo/lib/application.js] [39m"connector-server-1" enter after start...
[2016-12-20 11:33:30.020] [INFO] pomelo - [32m[/home/csnodejs4/Documents/sushil/experiments/HelloWorld/game-server/node_modules/pomelo/lib/application.js] [39m"connector-server-1" finish start
[2016-12-20 11:33:30.021] [INFO] pomelo - [32m[/home/csnodejs4/Documents/sushil/experiments/HelloWorld/game-server/node_modules/pomelo/lib/application.js] [39m"connector-server-1" startup in 224128 ms
[2016-12-20 11:33:38.850] [DEBUG] pomelo - [36m[/home/csnodejs4/Documents/sushil/experiments/HelloWorld/game-server/node_modules/pomelo/lib/components/connector.js] [39m[connector-server-1] getSession session is created with session id: 1
[2016-12-20 11:33:38.898] [DEBUG] pomelo - [36m[/home/csnodejs4/Documents/sushil/experiments/HelloWorld/game-server/node_modules/pomelo/lib/components/connector.js] [39m[connector-server-1] handleMessage session id: 1, msg: {"id":2,"route":"connector.entryHandler.entry","body":"hello pomelo"}
[2016-12-20 11:33:38.901] [WARN] pomelo - [33m[/home/csnodejs4/Documents/sushil/experiments/HelloWorld/game-server/node_modules/pomelo/lib/common/service/handlerService.js] [39mcould not find handler for routeRecord: {"route":"connector.entryHandler.entry","serverType":"connector","handler":"entryHandler","method":"entry"}
[2016-12-20 11:33:38.903] [ERROR] pomelo - [31m[/home/csnodejs4/Documents/sushil/experiments/HelloWorld/game-server/node_modules/pomelo/lib/common/service/handlerService.js] [39m[handleManager]: fail to find handler for undefined
[2016-12-20 11:33:38.907] [DEBUG] pomelo - [36m[/home/csnodejs4/Documents/sushil/experiments/HelloWorld/game-server/node_modules/pomelo/lib/server/server.js] [39mno default error handler to resolve unknown exception. Error: fail to find handler for undefined
    at Service.handle (/home/csnodejs4/Documents/sushil/experiments/HelloWorld/game-server/node_modules/pomelo/lib/common/service/handlerService.js:33:30)
    at handle (/home/csnodejs4/Documents/sushil/experiments/HelloWorld/game-server/node_modules/pomelo/lib/server/server.js:370:25)
    at next (/home/csnodejs4/Documents/sushil/experiments/HelloWorld/game-server/node_modules/pomelo/lib/common/service/filterService.js:50:7)
    at Service.beforeFilter (/home/csnodejs4/Documents/sushil/experiments/HelloWorld/game-server/node_modules/pomelo/lib/common/service/filterService.js:65:3)
    at beforeFilter (/home/csnodejs4/Documents/sushil/experiments/HelloWorld/game-server/node_modules/pomelo/lib/server/server.js:242:8)
    at doHandle (/home/csnodejs4/Documents/sushil/experiments/HelloWorld/game-server/node_modules/pomelo/lib/server/server.js:383:3)
    at dispatch (/home/csnodejs4/Documents/sushil/experiments/HelloWorld/game-server/node_modules/pomelo/lib/server/server.js:107:7)
    at next (/home/csnodejs4/Documents/sushil/experiments/HelloWorld/game-server/node_modules/pomelo/lib/common/service/filterService.js:50:7)
    at Service.beforeFilter (/home/csnodejs4/Documents/sushil/experiments/HelloWorld/game-server/node_modules/pomelo/lib/common/service/filterService.js:65:3)
    at beforeFilter (/home/csnodejs4/Documents/sushil/experiments/HelloWorld/game-server/node_modules/pomelo/lib/server/server.js:242:8)
[2016-12-20 11:33:38.909] [DEBUG] pomelo - [36m[/home/csnodejs4/Documents/sushil/experiments/HelloWorld/game-server/node_modules/pomelo/lib/components/connector.js] [39m[connector-server-1] send message reqId: 2, route: connector.entryHandler.entry, msg: {"code":500}, receivers: [1], opts: {"type":"response","userOptions":{},"isResponse":true}
[2016-12-20 11:33:44.323] [DEBUG] pomelo - [36m[/home/csnodejs4/Documents/sushil/experiments/HelloWorld/game-server/node_modules/pomelo/lib/components/connector.js] [39m[connector-server-1] getSession session is created with session id: 2
[2016-12-20 11:33:44.368] [DEBUG] pomelo - [36m[/home/csnodejs4/Documents/sushil/experiments/HelloWorld/game-server/node_modules/pomelo/lib/components/connector.js] [39m[connector-server-1] handleMessage session id: 2, msg: {"id":3,"route":"connector.entryHandler.entry","body":"hello pomelo"}
[2016-12-20 11:33:44.369] [WARN] pomelo - [33m[/home/csnodejs4/Documents/sushil/experiments/HelloWorld/game-server/node_modules/pomelo/lib/common/service/handlerService.js] [39mcould not find handler for routeRecord: {"route":"connector.entryHandler.entry","serverType":"connector","handler":"entryHandler","method":"entry"}
[2016-12-20 11:33:44.373] [ERROR] pomelo - [31m[/home/csnodejs4/Documents/sushil/experiments/HelloWorld/game-server/node_modules/pomelo/lib/common/service/handlerService.js] [39m[handleManager]: fail to find handler for undefined
[2016-12-20 11:33:44.374] [DEBUG] pomelo - [36m[/home/csnodejs4/Documents/sushil/experiments/HelloWorld/game-server/node_modules/pomelo/lib/server/server.js] [39mno default error handler to resolve unknown exception. Error: fail to find handler for undefined
    at Service.handle (/home/csnodejs4/Documents/sushil/experiments/HelloWorld/game-server/node_modules/pomelo/lib/common/service/handlerService.js:33:30)
    at handle (/home/csnodejs4/Documents/sushil/experiments/HelloWorld/game-server/node_modules/pomelo/lib/server/server.js:370:25)
    at next (/home/csnodejs4/Documents/sushil/experiments/HelloWorld/game-server/node_modules/pomelo/lib/common/service/filterService.js:50:7)
    at Service.beforeFilter (/home/csnodejs4/Documents/sushil/experiments/HelloWorld/game-server/node_modules/pomelo/lib/common/service/filterService.js:65:3)
    at beforeFilter (/home/csnodejs4/Documents/sushil/experiments/HelloWorld/game-server/node_modules/pomelo/lib/server/server.js:242:8)
    at doHandle (/home/csnodejs4/Documents/sushil/experiments/HelloWorld/game-server/node_modules/pomelo/lib/server/server.js:383:3)
    at dispatch (/home/csnodejs4/Documents/sushil/experiments/HelloWorld/game-server/node_modules/pomelo/lib/server/server.js:107:7)
    at next (/home/csnodejs4/Documents/sushil/experiments/HelloWorld/game-server/node_modules/pomelo/lib/common/service/filterService.js:50:7)
    at Service.beforeFilter (/home/csnodejs4/Documents/sushil/experiments/HelloWorld/game-server/node_modules/pomelo/lib/common/service/filterService.js:65:3)
    at beforeFilter (/home/csnodejs4/Documents/sushil/experiments/HelloWorld/game-server/node_modules/pomelo/lib/server/server.js:242:8)
[2016-12-20 11:33:44.374] [DEBUG] pomelo - [36m[/home/csnodejs4/Documents/sushil/experiments/HelloWorld/game-server/node_modules/pomelo/lib/components/connector.js] [39m[connector-server-1] send message reqId: 3, route: connector.entryHandler.entry, msg: {"code":500}, receivers: [2], opts: {"type":"response","userOptions":{},"isResponse":true}
[2016-12-20 11:39:16.588] [INFO] pomelo - [32m[/home/csnodejs4/Documents/sushil/experiments/HelloWorld/game-server/node_modules/pomelo/lib/application.js] [39mapplication inited: "connector-server-1"
[2016-12-20 11:39:16.902] [INFO] pomelo - [32m[/home/csnodejs4/Documents/sushil/experiments/HelloWorld/game-server/node_modules/pomelo/lib/application.js] [39m"connector-server-1" enter after start...
[2016-12-20 11:39:16.909] [INFO] pomelo - [32m[/home/csnodejs4/Documents/sushil/experiments/HelloWorld/game-server/node_modules/pomelo/lib/application.js] [39m"connector-server-1" finish start
[2016-12-20 11:39:16.909] [INFO] pomelo - [32m[/home/csnodejs4/Documents/sushil/experiments/HelloWorld/game-server/node_modules/pomelo/lib/application.js] [39m"connector-server-1" startup in 236 ms
[2016-12-20 11:39:24.496] [DEBUG] pomelo - [36m[/home/csnodejs4/Documents/sushil/experiments/HelloWorld/game-server/node_modules/pomelo/lib/components/connector.js] [39m[connector-server-1] getSession session is created with session id: 1
[2016-12-20 11:39:24.538] [DEBUG] pomelo - [36m[/home/csnodejs4/Documents/sushil/experiments/HelloWorld/game-server/node_modules/pomelo/lib/components/connector.js] [39m[connector-server-1] handleMessage session id: 1, msg: {"id":2,"route":"connector.entryHandler1.entry","body":"hello pomelo"}
[2016-12-20 11:39:24.544] [DEBUG] pomelo - [36m[/home/csnodejs4/Documents/sushil/experiments/HelloWorld/game-server/node_modules/pomelo/lib/components/connector.js] [39m[connector-server-1] send message reqId: 2, route: connector.entryHandler1.entry, msg: {"code":200,"msg":"hello pomelo; game server isssssssssss ok."}, receivers: [1], opts: {"type":"response","userOptions":{},"isResponse":true}
[2016-12-20 11:41:36.719] [INFO] pomelo - [32m[/home/csnodejs4/Documents/sushil/experiments/HelloWorld/game-server/node_modules/pomelo/lib/application.js] [39mapplication inited: "connector-server-1"
[2016-12-20 11:41:37.042] [INFO] pomelo - [32m[/home/csnodejs4/Documents/sushil/experiments/HelloWorld/game-server/node_modules/pomelo/lib/application.js] [39m"connector-server-1" enter after start...
[2016-12-20 11:41:37.047] [INFO] pomelo - [32m[/home/csnodejs4/Documents/sushil/experiments/HelloWorld/game-server/node_modules/pomelo/lib/application.js] [39m"connector-server-1" finish start
[2016-12-20 11:41:37.048] [INFO] pomelo - [32m[/home/csnodejs4/Documents/sushil/experiments/HelloWorld/game-server/node_modules/pomelo/lib/application.js] [39m"connector-server-1" startup in 243 ms
[2016-12-20 11:41:41.129] [DEBUG] pomelo - [36m[/home/csnodejs4/Documents/sushil/experiments/HelloWorld/game-server/node_modules/pomelo/lib/components/connector.js] [39m[connector-server-1] getSession session is created with session id: 1
[2016-12-20 11:41:41.175] [DEBUG] pomelo - [36m[/home/csnodejs4/Documents/sushil/experiments/HelloWorld/game-server/node_modules/pomelo/lib/components/connector.js] [39m[connector-server-1] handleMessage session id: 1, msg: {"id":2,"route":"connector.entryHandler1.entry","body":"hello pomelo"}
[2016-12-20 11:41:41.179] [WARN] pomelo - [33m[/home/csnodejs4/Documents/sushil/experiments/HelloWorld/game-server/node_modules/pomelo/lib/common/service/handlerService.js] [39mcould not find handler for routeRecord: {"route":"connector.entryHandler1.entry","serverType":"connector","handler":"entryHandler1","method":"entry"}
[2016-12-20 11:41:41.180] [ERROR] pomelo - [31m[/home/csnodejs4/Documents/sushil/experiments/HelloWorld/game-server/node_modules/pomelo/lib/common/service/handlerService.js] [39m[handleManager]: fail to find handler for undefined
[2016-12-20 11:41:41.184] [DEBUG] pomelo - [36m[/home/csnodejs4/Documents/sushil/experiments/HelloWorld/game-server/node_modules/pomelo/lib/server/server.js] [39mno default error handler to resolve unknown exception. Error: fail to find handler for undefined
    at Service.handle (/home/csnodejs4/Documents/sushil/experiments/HelloWorld/game-server/node_modules/pomelo/lib/common/service/handlerService.js:33:30)
    at handle (/home/csnodejs4/Documents/sushil/experiments/HelloWorld/game-server/node_modules/pomelo/lib/server/server.js:370:25)
    at next (/home/csnodejs4/Documents/sushil/experiments/HelloWorld/game-server/node_modules/pomelo/lib/common/service/filterService.js:50:7)
    at Service.beforeFilter (/home/csnodejs4/Documents/sushil/experiments/HelloWorld/game-server/node_modules/pomelo/lib/common/service/filterService.js:65:3)
    at beforeFilter (/home/csnodejs4/Documents/sushil/experiments/HelloWorld/game-server/node_modules/pomelo/lib/server/server.js:242:8)
    at doHandle (/home/csnodejs4/Documents/sushil/experiments/HelloWorld/game-server/node_modules/pomelo/lib/server/server.js:383:3)
    at dispatch (/home/csnodejs4/Documents/sushil/experiments/HelloWorld/game-server/node_modules/pomelo/lib/server/server.js:107:7)
    at next (/home/csnodejs4/Documents/sushil/experiments/HelloWorld/game-server/node_modules/pomelo/lib/common/service/filterService.js:50:7)
    at Service.beforeFilter (/home/csnodejs4/Documents/sushil/experiments/HelloWorld/game-server/node_modules/pomelo/lib/common/service/filterService.js:65:3)
    at beforeFilter (/home/csnodejs4/Documents/sushil/experiments/HelloWorld/game-server/node_modules/pomelo/lib/server/server.js:242:8)
[2016-12-20 11:41:41.185] [DEBUG] pomelo - [36m[/home/csnodejs4/Documents/sushil/experiments/HelloWorld/game-server/node_modules/pomelo/lib/components/connector.js] [39m[connector-server-1] send message reqId: 2, route: connector.entryHandler1.entry, msg: {"code":500}, receivers: [1], opts: {"type":"response","userOptions":{},"isResponse":true}
[2016-12-20 11:42:36.474] [INFO] pomelo - [32m[/home/csnodejs4/Documents/sushil/experiments/HelloWorld/game-server/node_modules/pomelo/lib/application.js] [39mapplication inited: "connector-server-1"
[2016-12-20 11:42:36.782] [INFO] pomelo - [32m[/home/csnodejs4/Documents/sushil/experiments/HelloWorld/game-server/node_modules/pomelo/lib/application.js] [39m"connector-server-1" enter after start...
[2016-12-20 11:42:36.786] [INFO] pomelo - [32m[/home/csnodejs4/Documents/sushil/experiments/HelloWorld/game-server/node_modules/pomelo/lib/application.js] [39m"connector-server-1" finish start
[2016-12-20 11:42:36.787] [INFO] pomelo - [32m[/home/csnodejs4/Documents/sushil/experiments/HelloWorld/game-server/node_modules/pomelo/lib/application.js] [39m"connector-server-1" startup in 229 ms
[2016-12-20 11:42:44.326] [DEBUG] pomelo - [36m[/home/csnodejs4/Documents/sushil/experiments/HelloWorld/game-server/node_modules/pomelo/lib/components/connector.js] [39m[connector-server-1] getSession session is created with session id: 1
[2016-12-20 11:42:44.375] [DEBUG] pomelo - [36m[/home/csnodejs4/Documents/sushil/experiments/HelloWorld/game-server/node_modules/pomelo/lib/components/connector.js] [39m[connector-server-1] handleMessage session id: 1, msg: {"id":2,"route":"connector.entryHandler1.entry","body":"hello pomelo"}
[2016-12-20 11:42:44.379] [WARN] pomelo - [33m[/home/csnodejs4/Documents/sushil/experiments/HelloWorld/game-server/node_modules/pomelo/lib/common/service/handlerService.js] [39mcould not find handler for routeRecord: {"route":"connector.entryHandler1.entry","serverType":"connector","handler":"entryHandler1","method":"entry"}
[2016-12-20 11:42:44.381] [ERROR] pomelo - [31m[/home/csnodejs4/Documents/sushil/experiments/HelloWorld/game-server/node_modules/pomelo/lib/common/service/handlerService.js] [39m[handleManager]: fail to find handler for undefined
[2016-12-20 11:42:44.384] [DEBUG] pomelo - [36m[/home/csnodejs4/Documents/sushil/experiments/HelloWorld/game-server/node_modules/pomelo/lib/server/server.js] [39mno default error handler to resolve unknown exception. Error: fail to find handler for undefined
    at Service.handle (/home/csnodejs4/Documents/sushil/experiments/HelloWorld/game-server/node_modules/pomelo/lib/common/service/handlerService.js:33:30)
    at handle (/home/csnodejs4/Documents/sushil/experiments/HelloWorld/game-server/node_modules/pomelo/lib/server/server.js:370:25)
    at next (/home/csnodejs4/Documents/sushil/experiments/HelloWorld/game-server/node_modules/pomelo/lib/common/service/filterService.js:50:7)
    at Service.beforeFilter (/home/csnodejs4/Documents/sushil/experiments/HelloWorld/game-server/node_modules/pomelo/lib/common/service/filterService.js:65:3)
    at beforeFilter (/home/csnodejs4/Documents/sushil/experiments/HelloWorld/game-server/node_modules/pomelo/lib/server/server.js:242:8)
    at doHandle (/home/csnodejs4/Documents/sushil/experiments/HelloWorld/game-server/node_modules/pomelo/lib/server/server.js:383:3)
    at dispatch (/home/csnodejs4/Documents/sushil/experiments/HelloWorld/game-server/node_modules/pomelo/lib/server/server.js:107:7)
    at next (/home/csnodejs4/Documents/sushil/experiments/HelloWorld/game-server/node_modules/pomelo/lib/common/service/filterService.js:50:7)
    at Service.beforeFilter (/home/csnodejs4/Documents/sushil/experiments/HelloWorld/game-server/node_modules/pomelo/lib/common/service/filterService.js:65:3)
    at beforeFilter (/home/csnodejs4/Documents/sushil/experiments/HelloWorld/game-server/node_modules/pomelo/lib/server/server.js:242:8)
[2016-12-20 11:42:44.386] [DEBUG] pomelo - [36m[/home/csnodejs4/Documents/sushil/experiments/HelloWorld/game-server/node_modules/pomelo/lib/components/connector.js] [39m[connector-server-1] send message reqId: 2, route: connector.entryHandler1.entry, msg: {"code":500}, receivers: [1], opts: {"type":"response","userOptions":{},"isResponse":true}
[2016-12-20 11:43:00.588] [DEBUG] pomelo - [36m[/home/csnodejs4/Documents/sushil/experiments/HelloWorld/game-server/node_modules/pomelo/lib/components/connector.js] [39m[connector-server-1] getSession session is created with session id: 2
[2016-12-20 11:43:00.639] [DEBUG] pomelo - [36m[/home/csnodejs4/Documents/sushil/experiments/HelloWorld/game-server/node_modules/pomelo/lib/components/connector.js] [39m[connector-server-1] handleMessage session id: 2, msg: {"id":3,"route":"connector.entryHandler1.entry","body":"hello pomelo"}
[2016-12-20 11:43:00.640] [WARN] pomelo - [33m[/home/csnodejs4/Documents/sushil/experiments/HelloWorld/game-server/node_modules/pomelo/lib/common/service/handlerService.js] [39mcould not find handler for routeRecord: {"route":"connector.entryHandler1.entry","serverType":"connector","handler":"entryHandler1","method":"entry"}
[2016-12-20 11:43:00.640] [ERROR] pomelo - [31m[/home/csnodejs4/Documents/sushil/experiments/HelloWorld/game-server/node_modules/pomelo/lib/common/service/handlerService.js] [39m[handleManager]: fail to find handler for undefined
[2016-12-20 11:43:00.641] [DEBUG] pomelo - [36m[/home/csnodejs4/Documents/sushil/experiments/HelloWorld/game-server/node_modules/pomelo/lib/server/server.js] [39mno default error handler to resolve unknown exception. Error: fail to find handler for undefined
    at Service.handle (/home/csnodejs4/Documents/sushil/experiments/HelloWorld/game-server/node_modules/pomelo/lib/common/service/handlerService.js:33:30)
    at handle (/home/csnodejs4/Documents/sushil/experiments/HelloWorld/game-server/node_modules/pomelo/lib/server/server.js:370:25)
    at next (/home/csnodejs4/Documents/sushil/experiments/HelloWorld/game-server/node_modules/pomelo/lib/common/service/filterService.js:50:7)
    at Service.beforeFilter (/home/csnodejs4/Documents/sushil/experiments/HelloWorld/game-server/node_modules/pomelo/lib/common/service/filterService.js:65:3)
    at beforeFilter (/home/csnodejs4/Documents/sushil/experiments/HelloWorld/game-server/node_modules/pomelo/lib/server/server.js:242:8)
    at doHandle (/home/csnodejs4/Documents/sushil/experiments/HelloWorld/game-server/node_modules/pomelo/lib/server/server.js:383:3)
    at dispatch (/home/csnodejs4/Documents/sushil/experiments/HelloWorld/game-server/node_modules/pomelo/lib/server/server.js:107:7)
    at next (/home/csnodejs4/Documents/sushil/experiments/HelloWorld/game-server/node_modules/pomelo/lib/common/service/filterService.js:50:7)
    at Service.beforeFilter (/home/csnodejs4/Documents/sushil/experiments/HelloWorld/game-server/node_modules/pomelo/lib/common/service/filterService.js:65:3)
    at beforeFilter (/home/csnodejs4/Documents/sushil/experiments/HelloWorld/game-server/node_modules/pomelo/lib/server/server.js:242:8)
[2016-12-20 11:43:00.641] [DEBUG] pomelo - [36m[/home/csnodejs4/Documents/sushil/experiments/HelloWorld/game-server/node_modules/pomelo/lib/components/connector.js] [39m[connector-server-1] send message reqId: 3, route: connector.entryHandler1.entry, msg: {"code":500}, receivers: [2], opts: {"type":"response","userOptions":{},"isResponse":true}
[2016-12-20 11:43:06.335] [INFO] pomelo - [32m[/home/csnodejs4/Documents/sushil/experiments/HelloWorld/game-server/node_modules/pomelo/lib/application.js] [39mapplication inited: "connector-server-1"
[2016-12-20 11:43:06.659] [INFO] pomelo - [32m[/home/csnodejs4/Documents/sushil/experiments/HelloWorld/game-server/node_modules/pomelo/lib/application.js] [39m"connector-server-1" enter after start...
[2016-12-20 11:43:06.665] [INFO] pomelo - [32m[/home/csnodejs4/Documents/sushil/experiments/HelloWorld/game-server/node_modules/pomelo/lib/application.js] [39m"connector-server-1" finish start
[2016-12-20 11:43:06.666] [INFO] pomelo - [32m[/home/csnodejs4/Documents/sushil/experiments/HelloWorld/game-server/node_modules/pomelo/lib/application.js] [39m"connector-server-1" startup in 245 ms
[2016-12-20 11:43:08.851] [DEBUG] pomelo - [36m[/home/csnodejs4/Documents/sushil/experiments/HelloWorld/game-server/node_modules/pomelo/lib/components/connector.js] [39m[connector-server-1] getSession session is created with session id: 1
[2016-12-20 11:43:08.896] [DEBUG] pomelo - [36m[/home/csnodejs4/Documents/sushil/experiments/HelloWorld/game-server/node_modules/pomelo/lib/components/connector.js] [39m[connector-server-1] handleMessage session id: 1, msg: {"id":4,"route":"connector.entryHandler1.entry","body":"hello pomelo"}
[2016-12-20 11:43:08.904] [DEBUG] pomelo - [36m[/home/csnodejs4/Documents/sushil/experiments/HelloWorld/game-server/node_modules/pomelo/lib/components/connector.js] [39m[connector-server-1] send message reqId: 4, route: connector.entryHandler1.entry, msg: {"code":200,"msg":"hello pomelo; game server isssssssssss ok."}, receivers: [1], opts: {"type":"response","userOptions":{},"isResponse":true}
[2016-12-20 11:48:09.000] [DEBUG] pomelo - [36m[/home/csnodejs4/Documents/sushil/experiments/HelloWorld/game-server/node_modules/pomelo/lib/components/connector.js] [39m[connector-server-1] getSession session is created with session id: 2
[2016-12-20 11:48:09.051] [DEBUG] pomelo - [36m[/home/csnodejs4/Documents/sushil/experiments/HelloWorld/game-server/node_modules/pomelo/lib/components/connector.js] [39m[connector-server-1] handleMessage session id: 2, msg: {"id":5,"route":"connector.entryHandler1.entry","body":"hello pomelo"}
[2016-12-20 11:48:09.052] [DEBUG] pomelo - [36m[/home/csnodejs4/Documents/sushil/experiments/HelloWorld/game-server/node_modules/pomelo/lib/components/connector.js] [39m[connector-server-1] send message reqId: 5, route: connector.entryHandler1.entry, msg: {"code":200,"msg":"hello pomelo; game server isssssssssss ok."}, receivers: [2], opts: {"type":"response","userOptions":{},"isResponse":true}
[2016-12-20 11:48:13.625] [DEBUG] pomelo - [36m[/home/csnodejs4/Documents/sushil/experiments/HelloWorld/game-server/node_modules/pomelo/lib/components/connector.js] [39m[connector-server-1] getSession session is created with session id: 3
[2016-12-20 11:48:13.681] [DEBUG] pomelo - [36m[/home/csnodejs4/Documents/sushil/experiments/HelloWorld/game-server/node_modules/pomelo/lib/components/connector.js] [39m[connector-server-1] handleMessage session id: 3, msg: {"id":6,"route":"connector.entryHandler1.entry","body":"hello pomelo"}
[2016-12-20 11:48:13.681] [DEBUG] pomelo - [36m[/home/csnodejs4/Documents/sushil/experiments/HelloWorld/game-server/node_modules/pomelo/lib/components/connector.js] [39m[connector-server-1] send message reqId: 6, route: connector.entryHandler1.entry, msg: {"code":200,"msg":"hello pomelo; game server isssssssssss ok."}, receivers: [3], opts: {"type":"response","userOptions":{},"isResponse":true}
